--- bot.log (原始)


+++ bot.log (修改后)
2026-05-13 10:23:30,393 - __main__ - INFO - Бот запущен...
2026-05-13 10:23:33,455 - httpx - INFO - HTTP Request: POST https://api.telegram.org/bot8833502523:AAE62skdOoe9ZvSEseYiHH9rxbbyPaK-iT0/getMe "HTTP/1.1 200 OK"
2026-05-13 10:23:33,645 - httpx - INFO - HTTP Request: POST https://api.telegram.org/bot8833502523:AAE62skdOoe9ZvSEseYiHH9rxbbyPaK-iT0/deleteWebhook "HTTP/1.1 200 OK"
2026-05-13 10:23:33,646 - telegram.ext.Application - INFO - Application started
2026-05-13 10:23:44,140 - httpx - INFO - HTTP Request: POST https://api.telegram.org/bot8833502523:AAE62skdOoe9ZvSEseYiHH9rxbbyPaK-iT0/getUpdates "HTTP/1.1 200 OK"
2026-05-13 10:23:54,311 - httpx - INFO - HTTP Request: POST https://api.telegram.org/bot8833502523:AAE62skdOoe9ZvSEseYiHH9rxbbyPaK-iT0/getUpdates "HTTP/1.1 200 OK"
2026-05-13 10:24:04,475 - httpx - INFO - HTTP Request: POST https://api.telegram.org/bot8833502523:AAE62skdOoe9ZvSEseYiHH9rxbbyPaK-iT0/getUpdates "HTTP/1.1 200 OK"
2026-05-13 10:24:14,638 - httpx - INFO - HTTP Request: POST https://api.telegram.org/bot8833502523:AAE62skdOoe9ZvSEseYiHH9rxbbyPaK-iT0/getUpdates "HTTP/1.1 200 OK"
2026-05-13 10:24:24,802 - httpx - INFO - HTTP Request: POST https://api.telegram.org/bot8833502523:AAE62skdOoe9ZvSEseYiHH9rxbbyPaK-iT0/getUpdates "HTTP/1.1 200 OK"
2026-05-13 10:24:34,967 - httpx - INFO - HTTP Request: POST https://api.telegram.org/bot8833502523:AAE62skdOoe9ZvSEseYiHH9rxbbyPaK-iT0/getUpdates "HTTP/1.1 200 OK"
2026-05-13 10:24:45,134 - httpx - INFO - HTTP Request: POST https://api.telegram.org/bot8833502523:AAE62skdOoe9ZvSEseYiHH9rxbbyPaK-iT0/getUpdates "HTTP/1.1 200 OK"
2026-05-13 10:24:55,298 - httpx - INFO - HTTP Request: POST https://api.telegram.org/bot8833502523:AAE62skdOoe9ZvSEseYiHH9rxbbyPaK-iT0/getUpdates "HTTP/1.1 200 OK"
2026-05-13 10:25:05,469 - httpx - INFO - HTTP Request: POST https://api.telegram.org/bot8833502523:AAE62skdOoe9ZvSEseYiHH9rxbbyPaK-iT0/getUpdates "HTTP/1.1 200 OK"
2026-05-13 10:25:15,637 - httpx - INFO - HTTP Request: POST https://api.telegram.org/bot8833502523:AAE62skdOoe9ZvSEseYiHH9rxbbyPaK-iT0/getUpdates "HTTP/1.1 200 OK"
2026-05-13 10:25:25,802 - httpx - INFO - HTTP Request: POST https://api.telegram.org/bot8833502523:AAE62skdOoe9ZvSEseYiHH9rxbbyPaK-iT0/getUpdates "HTTP/1.1 200 OK"
2026-05-13 10:25:34,119 - httpx - INFO - HTTP Request: POST https://api.telegram.org/bot8833502523:AAE62skdOoe9ZvSEseYiHH9rxbbyPaK-iT0/getUpdates "HTTP/1.1 200 OK"
2026-05-13 10:25:34,632 - httpx - INFO - HTTP Request: POST https://api.telegram.org/bot8833502523:AAE62skdOoe9ZvSEseYiHH9rxbbyPaK-iT0/sendMessage "HTTP/1.1 200 OK"
2026-05-13 10:25:37,321 - httpx - INFO - HTTP Request: POST https://api.telegram.org/bot8833502523:AAE62skdOoe9ZvSEseYiHH9rxbbyPaK-iT0/getUpdates "HTTP/1.1 200 OK"
2026-05-13 10:25:37,557 - httpx - INFO - HTTP Request: POST https://api.telegram.org/bot8833502523:AAE62skdOoe9ZvSEseYiHH9rxbbyPaK-iT0/answerCallbackQuery "HTTP/1.1 200 OK"
2026-05-13 10:25:37,905 - httpx - INFO - HTTP Request: POST https://api.telegram.org/bot8833502523:AAE62skdOoe9ZvSEseYiHH9rxbbyPaK-iT0/editMessageText "HTTP/1.1 200 OK"
2026-05-13 10:25:45,236 - httpx - INFO - HTTP Request: POST https://api.telegram.org/bot8833502523:AAE62skdOoe9ZvSEseYiHH9rxbbyPaK-iT0/getUpdates "HTTP/1.1 200 OK"
2026-05-13 10:25:45,737 - httpx - INFO - HTTP Request: POST https://api.telegram.org/bot8833502523:AAE62skdOoe9ZvSEseYiHH9rxbbyPaK-iT0/answerCallbackQuery "HTTP/1.1 200 OK"
2026-05-13 10:25:45,924 - httpx - INFO - HTTP Request: POST https://api.telegram.org/bot8833502523:AAE62skdOoe9ZvSEseYiHH9rxbbyPaK-iT0/editMessageText "HTTP/1.1 200 OK"
2026-05-13 10:25:55,401 - httpx - INFO - HTTP Request: POST https://api.telegram.org/bot8833502523:AAE62skdOoe9ZvSEseYiHH9rxbbyPaK-iT0/getUpdates "HTTP/1.1 200 OK"
2026-05-13 10:25:56,187 - httpx - INFO - HTTP Request: POST https://api.telegram.org/bot8833502523:AAE62skdOoe9ZvSEseYiHH9rxbbyPaK-iT0/getUpdates "HTTP/1.1 200 OK"
2026-05-13 10:25:56,682 - httpx - INFO - HTTP Request: POST https://api.telegram.org/bot8833502523:AAE62skdOoe9ZvSEseYiHH9rxbbyPaK-iT0/answerCallbackQuery "HTTP/1.1 200 OK"
2026-05-13 10:25:56,885 - httpx - INFO - HTTP Request: POST https://api.telegram.org/bot8833502523:AAE62skdOoe9ZvSEseYiHH9rxbbyPaK-iT0/editMessageText "HTTP/1.1 200 OK"
2026-05-13 10:26:06,353 - httpx - INFO - HTTP Request: POST https://api.telegram.org/bot8833502523:AAE62skdOoe9ZvSEseYiHH9rxbbyPaK-iT0/getUpdates "HTTP/1.1 200 OK"
2026-05-13 10:26:16,524 - httpx - INFO - HTTP Request: POST https://api.telegram.org/bot8833502523:AAE62skdOoe9ZvSEseYiHH9rxbbyPaK-iT0/getUpdates "HTTP/1.1 200 OK"
2026-05-13 10:26:26,689 - httpx - INFO - HTTP Request: POST https://api.telegram.org/bot8833502523:AAE62skdOoe9ZvSEseYiHH9rxbbyPaK-iT0/getUpdates "HTTP/1.1 200 OK"
2026-05-13 10:26:36,857 - httpx - INFO - HTTP Request: POST https://api.telegram.org/bot8833502523:AAE62skdOoe9ZvSEseYiHH9rxbbyPaK-iT0/getUpdates "HTTP/1.1 200 OK"
2026-05-13 10:26:47,023 - httpx - INFO - HTTP Request: POST https://api.telegram.org/bot8833502523:AAE62skdOoe9ZvSEseYiHH9rxbbyPaK-iT0/getUpdates "HTTP/1.1 200 OK"
2026-05-13 10:26:57,189 - httpx - INFO - HTTP Request: POST https://api.telegram.org/bot8833502523:AAE62skdOoe9ZvSEseYiHH9rxbbyPaK-iT0/getUpdates "HTTP/1.1 200 OK"
2026-05-13 10:27:07,356 - httpx - INFO - HTTP Request: POST https://api.telegram.org/bot8833502523:AAE62skdOoe9ZvSEseYiHH9rxbbyPaK-iT0/getUpdates "HTTP/1.1 200 OK"
2026-05-13 10:27:17,519 - httpx - INFO - HTTP Request: POST https://api.telegram.org/bot8833502523:AAE62skdOoe9ZvSEseYiHH9rxbbyPaK-iT0/getUpdates "HTTP/1.1 200 OK"
2026-05-13 10:27:27,684 - httpx - INFO - HTTP Request: POST https://api.telegram.org/bot8833502523:AAE62skdOoe9ZvSEseYiHH9rxbbyPaK-iT0/getUpdates "HTTP/1.1 200 OK"
2026-05-13 10:27:37,858 - httpx - INFO - HTTP Request: POST https://api.telegram.org/bot8833502523:AAE62skdOoe9ZvSEseYiHH9rxbbyPaK-iT0/getUpdates "HTTP/1.1 200 OK"
2026-05-13 10:27:48,030 - httpx - INFO - HTTP Request: POST https://api.telegram.org/bot8833502523:AAE62skdOoe9ZvSEseYiHH9rxbbyPaK-iT0/getUpdates "HTTP/1.1 200 OK"
2026-05-13 10:27:58,198 - httpx - INFO - HTTP Request: POST https://api.telegram.org/bot8833502523:AAE62skdOoe9ZvSEseYiHH9rxbbyPaK-iT0/getUpdates "HTTP/1.1 200 OK"
2026-05-13 10:28:08,362 - httpx - INFO - HTTP Request: POST https://api.telegram.org/bot8833502523:AAE62skdOoe9ZvSEseYiHH9rxbbyPaK-iT0/getUpdates "HTTP/1.1 200 OK"
2026-05-13 10:28:18,528 - httpx - INFO - HTTP Request: POST https://api.telegram.org/bot8833502523:AAE62skdOoe9ZvSEseYiHH9rxbbyPaK-iT0/getUpdates "HTTP/1.1 200 OK"
2026-05-13 10:28:28,696 - httpx - INFO - HTTP Request: POST https://api.telegram.org/bot8833502523:AAE62skdOoe9ZvSEseYiHH9rxbbyPaK-iT0/getUpdates "HTTP/1.1 200 OK"
2026-05-13 10:28:38,861 - httpx - INFO - HTTP Request: POST https://api.telegram.org/bot8833502523:AAE62skdOoe9ZvSEseYiHH9rxbbyPaK-iT0/getUpdates "HTTP/1.1 200 OK"
2026-05-13 10:28:49,026 - httpx - INFO - HTTP Request: POST https://api.telegram.org/bot8833502523:AAE62skdOoe9ZvSEseYiHH9rxbbyPaK-iT0/getUpdates "HTTP/1.1 200 OK"
2026-05-13 10:28:59,191 - httpx - INFO - HTTP Request: POST https://api.telegram.org/bot8833502523:AAE62skdOoe9ZvSEseYiHH9rxbbyPaK-iT0/getUpdates "HTTP/1.1 200 OK"
2026-05-13 10:29:09,360 - httpx - INFO - HTTP Request: POST https://api.telegram.org/bot8833502523:AAE62skdOoe9ZvSEseYiHH9rxbbyPaK-iT0/getUpdates "HTTP/1.1 200 OK"
2026-05-13 10:29:19,524 - httpx - INFO - HTTP Request: POST https://api.telegram.org/bot8833502523:AAE62skdOoe9ZvSEseYiHH9rxbbyPaK-iT0/getUpdates "HTTP/1.1 200 OK"
2026-05-13 10:29:29,688 - httpx - INFO - HTTP Request: POST https://api.telegram.org/bot8833502523:AAE62skdOoe9ZvSEseYiHH9rxbbyPaK-iT0/getUpdates "HTTP/1.1 200 OK"
2026-05-13 10:29:39,866 - httpx - INFO - HTTP Request: POST https://api.telegram.org/bot8833502523:AAE62skdOoe9ZvSEseYiHH9rxbbyPaK-iT0/getUpdates "HTTP/1.1 200 OK"
2026-05-13 10:29:50,029 - httpx - INFO - HTTP Request: POST https://api.telegram.org/bot8833502523:AAE62skdOoe9ZvSEseYiHH9rxbbyPaK-iT0/getUpdates "HTTP/1.1 200 OK"
2026-05-13 10:30:00,201 - httpx - INFO - HTTP Request: POST https://api.telegram.org/bot8833502523:AAE62skdOoe9ZvSEseYiHH9rxbbyPaK-iT0/getUpdates "HTTP/1.1 200 OK"
2026-05-13 10:30:10,373 - httpx - INFO - HTTP Request: POST https://api.telegram.org/bot8833502523:AAE62skdOoe9ZvSEseYiHH9rxbbyPaK-iT0/getUpdates "HTTP/1.1 200 OK"
2026-05-13 10:30:20,539 - httpx - INFO - HTTP Request: POST https://api.telegram.org/bot8833502523:AAE62skdOoe9ZvSEseYiHH9rxbbyPaK-iT0/getUpdates "HTTP/1.1 200 OK"
2026-05-13 10:30:30,703 - httpx - INFO - HTTP Request: POST https://api.telegram.org/bot8833502523:AAE62skdOoe9ZvSEseYiHH9rxbbyPaK-iT0/getUpdates "HTTP/1.1 200 OK"
2026-05-13 10:30:40,867 - httpx - INFO - HTTP Request: POST https://api.telegram.org/bot8833502523:AAE62skdOoe9ZvSEseYiHH9rxbbyPaK-iT0/getUpdates "HTTP/1.1 200 OK"
2026-05-13 10:30:51,033 - httpx - INFO - HTTP Request: POST https://api.telegram.org/bot8833502523:AAE62skdOoe9ZvSEseYiHH9rxbbyPaK-iT0/getUpdates "HTTP/1.1 200 OK"
2026-05-13 10:31:01,201 - httpx - INFO - HTTP Request: POST https://api.telegram.org/bot8833502523:AAE62skdOoe9ZvSEseYiHH9rxbbyPaK-iT0/getUpdates "HTTP/1.1 200 OK"
2026-05-13 10:31:11,366 - httpx - INFO - HTTP Request: POST https://api.telegram.org/bot8833502523:AAE62skdOoe9ZvSEseYiHH9rxbbyPaK-iT0/getUpdates "HTTP/1.1 200 OK"
2026-05-13 10:31:21,530 - httpx - INFO - HTTP Request: POST https://api.telegram.org/bot8833502523:AAE62skdOoe9ZvSEseYiHH9rxbbyPaK-iT0/getUpdates "HTTP/1.1 200 OK"
2026-05-13 10:31:31,695 - httpx - INFO - HTTP Request: POST https://api.telegram.org/bot8833502523:AAE62skdOoe9ZvSEseYiHH9rxbbyPaK-iT0/getUpdates "HTTP/1.1 200 OK"
2026-05-13 10:31:41,859 - httpx - INFO - HTTP Request: POST https://api.telegram.org/bot8833502523:AAE62skdOoe9ZvSEseYiHH9rxbbyPaK-iT0/getUpdates "HTTP/1.1 200 OK"
2026-05-13 10:31:52,027 - httpx - INFO - HTTP Request: POST https://api.telegram.org/bot8833502523:AAE62skdOoe9ZvSEseYiHH9rxbbyPaK-iT0/getUpdates "HTTP/1.1 200 OK"
2026-05-13 10:32:02,190 - httpx - INFO - HTTP Request: POST https://api.telegram.org/bot8833502523:AAE62skdOoe9ZvSEseYiHH9rxbbyPaK-iT0/getUpdates "HTTP/1.1 200 OK"
2026-05-13 10:32:12,355 - httpx - INFO - HTTP Request: POST https://api.telegram.org/bot8833502523:AAE62skdOoe9ZvSEseYiHH9rxbbyPaK-iT0/getUpdates "HTTP/1.1 200 OK"
2026-05-13 10:32:22,518 - httpx - INFO - HTTP Request: POST https://api.telegram.org/bot8833502523:AAE62skdOoe9ZvSEseYiHH9rxbbyPaK-iT0/getUpdates "HTTP/1.1 200 OK"
2026-05-13 10:32:32,681 - httpx - INFO - HTTP Request: POST https://api.telegram.org/bot8833502523:AAE62skdOoe9ZvSEseYiHH9rxbbyPaK-iT0/getUpdates "HTTP/1.1 200 OK"
2026-05-13 10:32:42,847 - httpx - INFO - HTTP Request: POST https://api.telegram.org/bot8833502523:AAE62skdOoe9ZvSEseYiHH9rxbbyPaK-iT0/getUpdates "HTTP/1.1 200 OK"
2026-05-13 10:32:53,010 - httpx - INFO - HTTP Request: POST https://api.telegram.org/bot8833502523:AAE62skdOoe9ZvSEseYiHH9rxbbyPaK-iT0/getUpdates "HTTP/1.1 200 OK"
2026-05-13 10:33:03,176 - httpx - INFO - HTTP Request: POST https://api.telegram.org/bot8833502523:AAE62skdOoe9ZvSEseYiHH9rxbbyPaK-iT0/getUpdates "HTTP/1.1 200 OK"
2026-05-13 10:33:13,342 - httpx - INFO - HTTP Request: POST https://api.telegram.org/bot8833502523:AAE62skdOoe9ZvSEseYiHH9rxbbyPaK-iT0/getUpdates "HTTP/1.1 200 OK"
2026-05-13 10:33:23,505 - httpx - INFO - HTTP Request: POST https://api.telegram.org/bot8833502523:AAE62skdOoe9ZvSEseYiHH9rxbbyPaK-iT0/getUpdates "HTTP/1.1 200 OK"
2026-05-13 10:33:33,667 - httpx - INFO - HTTP Request: POST https://api.telegram.org/bot8833502523:AAE62skdOoe9ZvSEseYiHH9rxbbyPaK-iT0/getUpdates "HTTP/1.1 200 OK"
2026-05-13 10:33:43,831 - httpx - INFO - HTTP Request: POST https://api.telegram.org/bot8833502523:AAE62skdOoe9ZvSEseYiHH9rxbbyPaK-iT0/getUpdates "HTTP/1.1 200 OK"
2026-05-13 10:33:54,004 - httpx - INFO - HTTP Request: POST https://api.telegram.org/bot8833502523:AAE62skdOoe9ZvSEseYiHH9rxbbyPaK-iT0/getUpdates "HTTP/1.1 200 OK"
2026-05-13 10:34:04,167 - httpx - INFO - HTTP Request: POST https://api.telegram.org/bot8833502523:AAE62skdOoe9ZvSEseYiHH9rxbbyPaK-iT0/getUpdates "HTTP/1.1 200 OK"
2026-05-13 10:34:14,333 - httpx - INFO - HTTP Request: POST https://api.telegram.org/bot8833502523:AAE62skdOoe9ZvSEseYiHH9rxbbyPaK-iT0/getUpdates "HTTP/1.1 200 OK"
2026-05-13 10:34:24,504 - httpx - INFO - HTTP Request: POST https://api.telegram.org/bot8833502523:AAE62skdOoe9ZvSEseYiHH9rxbbyPaK-iT0/getUpdates "HTTP/1.1 200 OK"
2026-05-13 10:34:34,673 - httpx - INFO - HTTP Request: POST https://api.telegram.org/bot8833502523:AAE62skdOoe9ZvSEseYiHH9rxbbyPaK-iT0/getUpdates "HTTP/1.1 200 OK"
2026-05-13 10:34:44,838 - httpx - INFO - HTTP Request: POST https://api.telegram.org/bot8833502523:AAE62skdOoe9ZvSEseYiHH9rxbbyPaK-iT0/getUpdates "HTTP/1.1 200 OK"
2026-05-13 10:34:55,004 - httpx - INFO - HTTP Request: POST https://api.telegram.org/bot8833502523:AAE62skdOoe9ZvSEseYiHH9rxbbyPaK-iT0/getUpdates "HTTP/1.1 200 OK"
2026-05-13 10:35:05,168 - httpx - INFO - HTTP Request: POST https://api.telegram.org/bot8833502523:AAE62skdOoe9ZvSEseYiHH9rxbbyPaK-iT0/getUpdates "HTTP/1.1 200 OK"
2026-05-13 10:35:15,335 - httpx - INFO - HTTP Request: POST https://api.telegram.org/bot8833502523:AAE62skdOoe9ZvSEseYiHH9rxbbyPaK-iT0/getUpdates "HTTP/1.1 200 OK"
2026-05-13 10:35:25,499 - httpx - INFO - HTTP Request: POST https://api.telegram.org/bot8833502523:AAE62skdOoe9ZvSEseYiHH9rxbbyPaK-iT0/getUpdates "HTTP/1.1 200 OK"
2026-05-13 10:35:35,664 - httpx - INFO - HTTP Request: POST https://api.telegram.org/bot8833502523:AAE62skdOoe9ZvSEseYiHH9rxbbyPaK-iT0/getUpdates "HTTP/1.1 200 OK"
2026-05-13 10:35:45,827 - httpx - INFO - HTTP Request: POST https://api.telegram.org/bot8833502523:AAE62skdOoe9ZvSEseYiHH9rxbbyPaK-iT0/getUpdates "HTTP/1.1 200 OK"
2026-05-13 10:35:55,992 - httpx - INFO - HTTP Request: POST https://api.telegram.org/bot8833502523:AAE62skdOoe9ZvSEseYiHH9rxbbyPaK-iT0/getUpdates "HTTP/1.1 200 OK"
2026-05-13 10:36:06,157 - httpx - INFO - HTTP Request: POST https://api.telegram.org/bot8833502523:AAE62skdOoe9ZvSEseYiHH9rxbbyPaK-iT0/getUpdates "HTTP/1.1 200 OK"
2026-05-13 10:36:16,323 - httpx - INFO - HTTP Request: POST https://api.telegram.org/bot8833502523:AAE62skdOoe9ZvSEseYiHH9rxbbyPaK-iT0/getUpdates "HTTP/1.1 200 OK"
2026-05-13 10:36:26,489 - httpx - INFO - HTTP Request: POST https://api.telegram.org/bot8833502523:AAE62skdOoe9ZvSEseYiHH9rxbbyPaK-iT0/getUpdates "HTTP/1.1 200 OK"
2026-05-13 10:36:36,652 - httpx - INFO - HTTP Request: POST https://api.telegram.org/bot8833502523:AAE62skdOoe9ZvSEseYiHH9rxbbyPaK-iT0/getUpdates "HTTP/1.1 200 OK"
2026-05-13 10:36:46,815 - httpx - INFO - HTTP Request: POST https://api.telegram.org/bot8833502523:AAE62skdOoe9ZvSEseYiHH9rxbbyPaK-iT0/getUpdates "HTTP/1.1 200 OK"
2026-05-13 10:36:56,984 - httpx - INFO - HTTP Request: POST https://api.telegram.org/bot8833502523:AAE62skdOoe9ZvSEseYiHH9rxbbyPaK-iT0/getUpdates "HTTP/1.1 200 OK"
2026-05-13 10:37:07,149 - httpx - INFO - HTTP Request: POST https://api.telegram.org/bot8833502523:AAE62skdOoe9ZvSEseYiHH9rxbbyPaK-iT0/getUpdates "HTTP/1.1 200 OK"
2026-05-13 10:37:17,313 - httpx - INFO - HTTP Request: POST https://api.telegram.org/bot8833502523:AAE62skdOoe9ZvSEseYiHH9rxbbyPaK-iT0/getUpdates "HTTP/1.1 200 OK"
2026-05-13 10:37:27,479 - httpx - INFO - HTTP Request: POST https://api.telegram.org/bot8833502523:AAE62skdOoe9ZvSEseYiHH9rxbbyPaK-iT0/getUpdates "HTTP/1.1 200 OK"
2026-05-13 10:37:37,646 - httpx - INFO - HTTP Request: POST https://api.telegram.org/bot8833502523:AAE62skdOoe9ZvSEseYiHH9rxbbyPaK-iT0/getUpdates "HTTP/1.1 200 OK"
2026-05-13 10:37:47,818 - httpx - INFO - HTTP Request: POST https://api.telegram.org/bot8833502523:AAE62skdOoe9ZvSEseYiHH9rxbbyPaK-iT0/getUpdates "HTTP/1.1 200 OK"
2026-05-13 10:37:57,986 - httpx - INFO - HTTP Request: POST https://api.telegram.org/bot8833502523:AAE62skdOoe9ZvSEseYiHH9rxbbyPaK-iT0/getUpdates "HTTP/1.1 200 OK"
2026-05-13 10:38:08,154 - httpx - INFO - HTTP Request: POST https://api.telegram.org/bot8833502523:AAE62skdOoe9ZvSEseYiHH9rxbbyPaK-iT0/getUpdates "HTTP/1.1 200 OK"
2026-05-13 10:38:18,319 - httpx - INFO - HTTP Request: POST https://api.telegram.org/bot8833502523:AAE62skdOoe9ZvSEseYiHH9rxbbyPaK-iT0/getUpdates "HTTP/1.1 200 OK"
2026-05-13 10:38:28,485 - httpx - INFO - HTTP Request: POST https://api.telegram.org/bot8833502523:AAE62skdOoe9ZvSEseYiHH9rxbbyPaK-iT0/getUpdates "HTTP/1.1 200 OK"
2026-05-13 10:38:38,767 - httpx - INFO - HTTP Request: POST https://api.telegram.org/bot8833502523:AAE62skdOoe9ZvSEseYiHH9rxbbyPaK-iT0/getUpdates "HTTP/1.1 200 OK"
2026-05-13 10:38:48,935 - httpx - INFO - HTTP Request: POST https://api.telegram.org/bot8833502523:AAE62skdOoe9ZvSEseYiHH9rxbbyPaK-iT0/getUpdates "HTTP/1.1 200 OK"
2026-05-13 10:38:59,102 - httpx - INFO - HTTP Request: POST https://api.telegram.org/bot8833502523:AAE62skdOoe9ZvSEseYiHH9rxbbyPaK-iT0/getUpdates "HTTP/1.1 200 OK"
2026-05-13 10:39:09,266 - httpx - INFO - HTTP Request: POST https://api.telegram.org/bot8833502523:AAE62skdOoe9ZvSEseYiHH9rxbbyPaK-iT0/getUpdates "HTTP/1.1 200 OK"
2026-05-13 10:39:19,435 - httpx - INFO - HTTP Request: POST https://api.telegram.org/bot8833502523:AAE62skdOoe9ZvSEseYiHH9rxbbyPaK-iT0/getUpdates "HTTP/1.1 200 OK"
2026-05-13 10:39:29,598 - httpx - INFO - HTTP Request: POST https://api.telegram.org/bot8833502523:AAE62skdOoe9ZvSEseYiHH9rxbbyPaK-iT0/getUpdates "HTTP/1.1 200 OK"
2026-05-13 10:39:39,765 - httpx - INFO - HTTP Request: POST https://api.telegram.org/bot8833502523:AAE62skdOoe9ZvSEseYiHH9rxbbyPaK-iT0/getUpdates "HTTP/1.1 200 OK"
2026-05-13 10:39:49,929 - httpx - INFO - HTTP Request: POST https://api.telegram.org/bot8833502523:AAE62skdOoe9ZvSEseYiHH9rxbbyPaK-iT0/getUpdates "HTTP/1.1 200 OK"
2026-05-13 10:40:00,097 - httpx - INFO - HTTP Request: POST https://api.telegram.org/bot8833502523:AAE62skdOoe9ZvSEseYiHH9rxbbyPaK-iT0/getUpdates "HTTP/1.1 200 OK"
2026-05-13 10:40:10,263 - httpx - INFO - HTTP Request: POST https://api.telegram.org/bot8833502523:AAE62skdOoe9ZvSEseYiHH9rxbbyPaK-iT0/getUpdates "HTTP/1.1 200 OK"
2026-05-13 10:40:20,759 - httpx - INFO - HTTP Request: POST https://api.telegram.org/bot8833502523:AAE62skdOoe9ZvSEseYiHH9rxbbyPaK-iT0/getUpdates "HTTP/1.1 200 OK"
2026-05-13 10:40:30,928 - httpx - INFO - HTTP Request: POST https://api.telegram.org/bot8833502523:AAE62skdOoe9ZvSEseYiHH9rxbbyPaK-iT0/getUpdates "HTTP/1.1 200 OK"
2026-05-13 10:40:37,618 - httpx - INFO - HTTP Request: POST https://api.telegram.org/bot8833502523:AAE62skdOoe9ZvSEseYiHH9rxbbyPaK-iT0/getUpdates "HTTP/1.1 200 OK"
2026-05-13 10:40:38,119 - httpx - INFO - HTTP Request: POST https://api.telegram.org/bot8833502523:AAE62skdOoe9ZvSEseYiHH9rxbbyPaK-iT0/answerCallbackQuery "HTTP/1.1 200 OK"
2026-05-13 10:40:38,300 - httpx - INFO - HTTP Request: POST https://api.telegram.org/bot8833502523:AAE62skdOoe9ZvSEseYiHH9rxbbyPaK-iT0/editMessageText "HTTP/1.1 200 OK"
2026-05-13 10:40:39,414 - httpx - INFO - HTTP Request: POST https://api.telegram.org/bot8833502523:AAE62skdOoe9ZvSEseYiHH9rxbbyPaK-iT0/getUpdates "HTTP/1.1 200 OK"
2026-05-13 10:40:39,586 - httpx - INFO - HTTP Request: POST https://api.telegram.org/bot8833502523:AAE62skdOoe9ZvSEseYiHH9rxbbyPaK-iT0/answerCallbackQuery "HTTP/1.1 200 OK"
2026-05-13 10:40:39,825 - httpx - INFO - HTTP Request: POST https://api.telegram.org/bot8833502523:AAE62skdOoe9ZvSEseYiHH9rxbbyPaK-iT0/editMessageText "HTTP/1.1 200 OK"
2026-05-13 10:40:49,590 - httpx - INFO - HTTP Request: POST https://api.telegram.org/bot8833502523:AAE62skdOoe9ZvSEseYiHH9rxbbyPaK-iT0/getUpdates "HTTP/1.1 200 OK"
2026-05-13 10:40:59,754 - httpx - INFO - HTTP Request: POST https://api.telegram.org/bot8833502523:AAE62skdOoe9ZvSEseYiHH9rxbbyPaK-iT0/getUpdates "HTTP/1.1 200 OK"
2026-05-13 10:41:09,921 - httpx - INFO - HTTP Request: POST https://api.telegram.org/bot8833502523:AAE62skdOoe9ZvSEseYiHH9rxbbyPaK-iT0/getUpdates "HTTP/1.1 200 OK"
2026-05-13 10:41:20,088 - httpx - INFO - HTTP Request: POST https://api.telegram.org/bot8833502523:AAE62skdOoe9ZvSEseYiHH9rxbbyPaK-iT0/getUpdates "HTTP/1.1 200 OK"
2026-05-13 10:41:30,258 - httpx - INFO - HTTP Request: POST https://api.telegram.org/bot8833502523:AAE62skdOoe9ZvSEseYiHH9rxbbyPaK-iT0/getUpdates "HTTP/1.1 200 OK"
2026-05-13 10:41:40,422 - httpx - INFO - HTTP Request: POST https://api.telegram.org/bot8833502523:AAE62skdOoe9ZvSEseYiHH9rxbbyPaK-iT0/getUpdates "HTTP/1.1 200 OK"
2026-05-13 10:41:50,586 - httpx - INFO - HTTP Request: POST https://api.telegram.org/bot8833502523:AAE62skdOoe9ZvSEseYiHH9rxbbyPaK-iT0/getUpdates "HTTP/1.1 200 OK"
2026-05-13 10:42:00,752 - httpx - INFO - HTTP Request: POST https://api.telegram.org/bot8833502523:AAE62skdOoe9ZvSEseYiHH9rxbbyPaK-iT0/getUpdates "HTTP/1.1 200 OK"
2026-05-13 10:42:10,916 - httpx - INFO - HTTP Request: POST https://api.telegram.org/bot8833502523:AAE62skdOoe9ZvSEseYiHH9rxbbyPaK-iT0/getUpdates "HTTP/1.1 200 OK"
2026-05-13 10:42:21,083 - httpx - INFO - HTTP Request: POST https://api.telegram.org/bot8833502523:AAE62skdOoe9ZvSEseYiHH9rxbbyPaK-iT0/getUpdates "HTTP/1.1 200 OK"
2026-05-13 10:42:31,251 - httpx - INFO - HTTP Request: POST https://api.telegram.org/bot8833502523:AAE62skdOoe9ZvSEseYiHH9rxbbyPaK-iT0/getUpdates "HTTP/1.1 200 OK"
2026-05-13 10:42:40,984 - httpx - INFO - HTTP Request: POST https://api.telegram.org/bot8833502523:AAE62skdOoe9ZvSEseYiHH9rxbbyPaK-iT0/getUpdates "HTTP/1.1 200 OK"
2026-05-13 10:42:41,505 - httpx - INFO - HTTP Request: POST https://api.telegram.org/bot8833502523:AAE62skdOoe9ZvSEseYiHH9rxbbyPaK-iT0/answerCallbackQuery "HTTP/1.1 200 OK"
2026-05-13 10:42:41,710 - httpx - INFO - HTTP Request: POST https://api.telegram.org/bot8833502523:AAE62skdOoe9ZvSEseYiHH9rxbbyPaK-iT0/editMessageText "HTTP/1.1 200 OK"
2026-05-13 10:42:51,292 - httpx - INFO - HTTP Request: POST https://api.telegram.org/bot8833502523:AAE62skdOoe9ZvSEseYiHH9rxbbyPaK-iT0/getUpdates "HTTP/1.1 200 OK"
2026-05-13 10:43:01,456 - httpx - INFO - HTTP Request: POST https://api.telegram.org/bot8833502523:AAE62skdOoe9ZvSEseYiHH9rxbbyPaK-iT0/getUpdates "HTTP/1.1 200 OK"
2026-05-13 10:43:11,627 - httpx - INFO - HTTP Request: POST https://api.telegram.org/bot8833502523:AAE62skdOoe9ZvSEseYiHH9rxbbyPaK-iT0/getUpdates "HTTP/1.1 200 OK"
2026-05-13 10:43:21,794 - httpx - INFO - HTTP Request: POST https://api.telegram.org/bot8833502523:AAE62skdOoe9ZvSEseYiHH9rxbbyPaK-iT0/getUpdates "HTTP/1.1 200 OK"
2026-05-13 10:43:31,971 - httpx - INFO - HTTP Request: POST https://api.telegram.org/bot8833502523:AAE62skdOoe9ZvSEseYiHH9rxbbyPaK-iT0/getUpdates "HTTP/1.1 200 OK"
2026-05-13 10:43:42,138 - httpx - INFO - HTTP Request: POST https://api.telegram.org/bot8833502523:AAE62skdOoe9ZvSEseYiHH9rxbbyPaK-iT0/getUpdates "HTTP/1.1 200 OK"
2026-05-13 10:43:52,307 - httpx - INFO - HTTP Request: POST https://api.telegram.org/bot8833502523:AAE62skdOoe9ZvSEseYiHH9rxbbyPaK-iT0/getUpdates "HTTP/1.1 200 OK"
2026-05-13 10:44:02,475 - httpx - INFO - HTTP Request: POST https://api.telegram.org/bot8833502523:AAE62skdOoe9ZvSEseYiHH9rxbbyPaK-iT0/getUpdates "HTTP/1.1 200 OK"
2026-05-13 10:44:12,647 - httpx - INFO - HTTP Request: POST https://api.telegram.org/bot8833502523:AAE62skdOoe9ZvSEseYiHH9rxbbyPaK-iT0/getUpdates "HTTP/1.1 200 OK"
2026-05-13 10:44:22,811 - httpx - INFO - HTTP Request: POST https://api.telegram.org/bot8833502523:AAE62skdOoe9ZvSEseYiHH9rxbbyPaK-iT0/getUpdates "HTTP/1.1 200 OK"
2026-05-13 10:44:32,977 - httpx - INFO - HTTP Request: POST https://api.telegram.org/bot8833502523:AAE62skdOoe9ZvSEseYiHH9rxbbyPaK-iT0/getUpdates "HTTP/1.1 200 OK"
2026-05-13 10:44:43,143 - httpx - INFO - HTTP Request: POST https://api.telegram.org/bot8833502523:AAE62skdOoe9ZvSEseYiHH9rxbbyPaK-iT0/getUpdates "HTTP/1.1 200 OK"
2026-05-13 10:44:53,310 - httpx - INFO - HTTP Request: POST https://api.telegram.org/bot8833502523:AAE62skdOoe9ZvSEseYiHH9rxbbyPaK-iT0/getUpdates "HTTP/1.1 200 OK"
2026-05-13 10:45:03,475 - httpx - INFO - HTTP Request: POST https://api.telegram.org/bot8833502523:AAE62skdOoe9ZvSEseYiHH9rxbbyPaK-iT0/getUpdates "HTTP/1.1 200 OK"
2026-05-13 10:45:13,644 - httpx - INFO - HTTP Request: POST https://api.telegram.org/bot8833502523:AAE62skdOoe9ZvSEseYiHH9rxbbyPaK-iT0/getUpdates "HTTP/1.1 200 OK"
2026-05-13 10:45:21,158 - httpx - INFO - HTTP Request: POST https://api.telegram.org/bot8833502523:AAE62skdOoe9ZvSEseYiHH9rxbbyPaK-iT0/getUpdates "HTTP/1.1 200 OK"
2026-05-13 10:45:21,694 - httpx - INFO - HTTP Request: POST https://api.telegram.org/bot8833502523:AAE62skdOoe9ZvSEseYiHH9rxbbyPaK-iT0/sendMessage "HTTP/1.1 200 OK"
2026-05-13 10:45:24,423 - httpx - INFO - HTTP Request: POST https://api.telegram.org/bot8833502523:AAE62skdOoe9ZvSEseYiHH9rxbbyPaK-iT0/getUpdates "HTTP/1.1 200 OK"
2026-05-13 10:45:24,601 - httpx - INFO - HTTP Request: POST https://api.telegram.org/bot8833502523:AAE62skdOoe9ZvSEseYiHH9rxbbyPaK-iT0/answerCallbackQuery "HTTP/1.1 200 OK"
2026-05-13 10:45:24,803 - httpx - INFO - HTTP Request: POST https://api.telegram.org/bot8833502523:AAE62skdOoe9ZvSEseYiHH9rxbbyPaK-iT0/editMessageText "HTTP/1.1 200 OK"
2026-05-13 10:45:34,590 - httpx - INFO - HTTP Request: POST https://api.telegram.org/bot8833502523:AAE62skdOoe9ZvSEseYiHH9rxbbyPaK-iT0/getUpdates "HTTP/1.1 200 OK"
2026-05-13 10:45:44,757 - httpx - INFO - HTTP Request: POST https://api.telegram.org/bot8833502523:AAE62skdOoe9ZvSEseYiHH9rxbbyPaK-iT0/getUpdates "HTTP/1.1 200 OK"
2026-05-13 10:45:54,923 - httpx - INFO - HTTP Request: POST https://api.telegram.org/bot8833502523:AAE62skdOoe9ZvSEseYiHH9rxbbyPaK-iT0/getUpdates "HTTP/1.1 200 OK"
2026-05-13 10:46:05,093 - httpx - INFO - HTTP Request: POST https://api.telegram.org/bot8833502523:AAE62skdOoe9ZvSEseYiHH9rxbbyPaK-iT0/getUpdates "HTTP/1.1 200 OK"
2026-05-13 10:46:15,266 - httpx - INFO - HTTP Request: POST https://api.telegram.org/bot8833502523:AAE62skdOoe9ZvSEseYiHH9rxbbyPaK-iT0/getUpdates "HTTP/1.1 200 OK"
2026-05-13 10:46:25,439 - httpx - INFO - HTTP Request: POST https://api.telegram.org/bot8833502523:AAE62skdOoe9ZvSEseYiHH9rxbbyPaK-iT0/getUpdates "HTTP/1.1 200 OK"
2026-05-13 10:46:35,608 - httpx - INFO - HTTP Request: POST https://api.telegram.org/bot8833502523:AAE62skdOoe9ZvSEseYiHH9rxbbyPaK-iT0/getUpdates "HTTP/1.1 200 OK"
2026-05-13 10:46:45,779 - httpx - INFO - HTTP Request: POST https://api.telegram.org/bot8833502523:AAE62skdOoe9ZvSEseYiHH9rxbbyPaK-iT0/getUpdates "HTTP/1.1 200 OK"
2026-05-13 10:46:55,949 - httpx - INFO - HTTP Request: POST https://api.telegram.org/bot8833502523:AAE62skdOoe9ZvSEseYiHH9rxbbyPaK-iT0/getUpdates "HTTP/1.1 200 OK"
2026-05-13 10:47:06,119 - httpx - INFO - HTTP Request: POST https://api.telegram.org/bot8833502523:AAE62skdOoe9ZvSEseYiHH9rxbbyPaK-iT0/getUpdates "HTTP/1.1 200 OK"
2026-05-13 10:47:16,284 - httpx - INFO - HTTP Request: POST https://api.telegram.org/bot8833502523:AAE62skdOoe9ZvSEseYiHH9rxbbyPaK-iT0/getUpdates "HTTP/1.1 200 OK"
2026-05-13 10:47:26,448 - httpx - INFO - HTTP Request: POST https://api.telegram.org/bot8833502523:AAE62skdOoe9ZvSEseYiHH9rxbbyPaK-iT0/getUpdates "HTTP/1.1 200 OK"
2026-05-13 10:47:34,485 - httpx - INFO - HTTP Request: POST https://api.telegram.org/bot8833502523:AAE62skdOoe9ZvSEseYiHH9rxbbyPaK-iT0/getUpdates "HTTP/1.1 200 OK"
2026-05-13 10:47:34,998 - httpx - INFO - HTTP Request: POST https://api.telegram.org/bot8833502523:AAE62skdOoe9ZvSEseYiHH9rxbbyPaK-iT0/sendMessage "HTTP/1.1 200 OK"
2026-05-13 10:47:40,398 - httpx - INFO - HTTP Request: POST https://api.telegram.org/bot8833502523:AAE62skdOoe9ZvSEseYiHH9rxbbyPaK-iT0/getUpdates "HTTP/1.1 200 OK"
2026-05-13 10:47:40,905 - httpx - INFO - HTTP Request: POST https://api.telegram.org/bot8833502523:AAE62skdOoe9ZvSEseYiHH9rxbbyPaK-iT0/answerCallbackQuery "HTTP/1.1 200 OK"
2026-05-13 10:47:41,123 - httpx - INFO - HTTP Request: POST https://api.telegram.org/bot8833502523:AAE62skdOoe9ZvSEseYiHH9rxbbyPaK-iT0/editMessageText "HTTP/1.1 200 OK"
2026-05-13 10:47:50,565 - httpx - INFO - HTTP Request: POST https://api.telegram.org/bot8833502523:AAE62skdOoe9ZvSEseYiHH9rxbbyPaK-iT0/getUpdates "HTTP/1.1 200 OK"
2026-05-13 10:48:00,731 - httpx - INFO - HTTP Request: POST https://api.telegram.org/bot8833502523:AAE62skdOoe9ZvSEseYiHH9rxbbyPaK-iT0/getUpdates "HTTP/1.1 200 OK"
2026-05-13 10:48:10,897 - httpx - INFO - HTTP Request: POST https://api.telegram.org/bot8833502523:AAE62skdOoe9ZvSEseYiHH9rxbbyPaK-iT0/getUpdates "HTTP/1.1 200 OK"
2026-05-13 10:48:21,067 - httpx - INFO - HTTP Request: POST https://api.telegram.org/bot8833502523:AAE62skdOoe9ZvSEseYiHH9rxbbyPaK-iT0/getUpdates "HTTP/1.1 200 OK"
2026-05-13 10:48:31,233 - httpx - INFO - HTTP Request: POST https://api.telegram.org/bot8833502523:AAE62skdOoe9ZvSEseYiHH9rxbbyPaK-iT0/getUpdates "HTTP/1.1 200 OK"
2026-05-13 10:48:41,405 - httpx - INFO - HTTP Request: POST https://api.telegram.org/bot8833502523:AAE62skdOoe9ZvSEseYiHH9rxbbyPaK-iT0/getUpdates "HTTP/1.1 200 OK"
2026-05-13 10:48:51,570 - httpx - INFO - HTTP Request: POST https://api.telegram.org/bot8833502523:AAE62skdOoe9ZvSEseYiHH9rxbbyPaK-iT0/getUpdates "HTTP/1.1 200 OK"
2026-05-13 10:49:01,735 - httpx - INFO - HTTP Request: POST https://api.telegram.org/bot8833502523:AAE62skdOoe9ZvSEseYiHH9rxbbyPaK-iT0/getUpdates "HTTP/1.1 200 OK"
2026-05-13 10:49:11,898 - httpx - INFO - HTTP Request: POST https://api.telegram.org/bot8833502523:AAE62skdOoe9ZvSEseYiHH9rxbbyPaK-iT0/getUpdates "HTTP/1.1 200 OK"
2026-05-13 10:49:22,064 - httpx - INFO - HTTP Request: POST https://api.telegram.org/bot8833502523:AAE62skdOoe9ZvSEseYiHH9rxbbyPaK-iT0/getUpdates "HTTP/1.1 200 OK"
2026-05-13 10:49:32,231 - httpx - INFO - HTTP Request: POST https://api.telegram.org/bot8833502523:AAE62skdOoe9ZvSEseYiHH9rxbbyPaK-iT0/getUpdates "HTTP/1.1 200 OK"
2026-05-13 10:49:42,397 - httpx - INFO - HTTP Request: POST https://api.telegram.org/bot8833502523:AAE62skdOoe9ZvSEseYiHH9rxbbyPaK-iT0/getUpdates "HTTP/1.1 200 OK"
2026-05-13 10:49:52,565 - httpx - INFO - HTTP Request: POST https://api.telegram.org/bot8833502523:AAE62skdOoe9ZvSEseYiHH9rxbbyPaK-iT0/getUpdates "HTTP/1.1 200 OK"
2026-05-13 10:50:02,732 - httpx - INFO - HTTP Request: POST https://api.telegram.org/bot8833502523:AAE62skdOoe9ZvSEseYiHH9rxbbyPaK-iT0/getUpdates "HTTP/1.1 200 OK"
2026-05-13 10:50:12,898 - httpx - INFO - HTTP Request: POST https://api.telegram.org/bot8833502523:AAE62skdOoe9ZvSEseYiHH9rxbbyPaK-iT0/getUpdates "HTTP/1.1 200 OK"
2026-05-13 10:50:23,068 - httpx - INFO - HTTP Request: POST https://api.telegram.org/bot8833502523:AAE62skdOoe9ZvSEseYiHH9rxbbyPaK-iT0/getUpdates "HTTP/1.1 200 OK"
2026-05-13 10:50:33,241 - httpx - INFO - HTTP Request: POST https://api.telegram.org/bot8833502523:AAE62skdOoe9ZvSEseYiHH9rxbbyPaK-iT0/getUpdates "HTTP/1.1 200 OK"
2026-05-13 10:50:43,405 - httpx - INFO - HTTP Request: POST https://api.telegram.org/bot8833502523:AAE62skdOoe9ZvSEseYiHH9rxbbyPaK-iT0/getUpdates "HTTP/1.1 200 OK"
2026-05-13 10:50:53,570 - httpx - INFO - HTTP Request: POST https://api.telegram.org/bot8833502523:AAE62skdOoe9ZvSEseYiHH9rxbbyPaK-iT0/getUpdates "HTTP/1.1 200 OK"
2026-05-13 10:51:03,740 - httpx - INFO - HTTP Request: POST https://api.telegram.org/bot8833502523:AAE62skdOoe9ZvSEseYiHH9rxbbyPaK-iT0/getUpdates "HTTP/1.1 200 OK"
2026-05-13 10:51:05,522 - httpx - INFO - HTTP Request: POST https://api.telegram.org/bot8833502523:AAE62skdOoe9ZvSEseYiHH9rxbbyPaK-iT0/getUpdates "HTTP/1.1 200 OK"
2026-05-13 10:51:06,040 - httpx - INFO - HTTP Request: POST https://api.telegram.org/bot8833502523:AAE62skdOoe9ZvSEseYiHH9rxbbyPaK-iT0/answerCallbackQuery "HTTP/1.1 200 OK"
2026-05-13 10:51:06,239 - httpx - INFO - HTTP Request: POST https://api.telegram.org/bot8833502523:AAE62skdOoe9ZvSEseYiHH9rxbbyPaK-iT0/editMessageText "HTTP/1.1 200 OK"
2026-05-13 10:51:07,755 - httpx - INFO - HTTP Request: POST https://api.telegram.org/bot8833502523:AAE62skdOoe9ZvSEseYiHH9rxbbyPaK-iT0/getUpdates "HTTP/1.1 200 OK"
2026-05-13 10:51:07,935 - httpx - INFO - HTTP Request: POST https://api.telegram.org/bot8833502523:AAE62skdOoe9ZvSEseYiHH9rxbbyPaK-iT0/answerCallbackQuery "HTTP/1.1 200 OK"
2026-05-13 10:51:08,313 - httpx - INFO - HTTP Request: POST https://api.telegram.org/bot8833502523:AAE62skdOoe9ZvSEseYiHH9rxbbyPaK-iT0/editMessageText "HTTP/1.1 200 OK"
2026-05-13 10:51:13,974 - httpx - INFO - HTTP Request: POST https://api.telegram.org/bot8833502523:AAE62skdOoe9ZvSEseYiHH9rxbbyPaK-iT0/getUpdates "HTTP/1.1 200 OK"
2026-05-13 10:51:14,475 - httpx - INFO - HTTP Request: POST https://api.telegram.org/bot8833502523:AAE62skdOoe9ZvSEseYiHH9rxbbyPaK-iT0/answerCallbackQuery "HTTP/1.1 200 OK"
2026-05-13 10:51:14,676 - httpx - INFO - HTTP Request: POST https://api.telegram.org/bot8833502523:AAE62skdOoe9ZvSEseYiHH9rxbbyPaK-iT0/editMessageText "HTTP/1.1 200 OK"
2026-05-13 10:51:15,831 - httpx - INFO - HTTP Request: POST https://api.telegram.org/bot8833502523:AAE62skdOoe9ZvSEseYiHH9rxbbyPaK-iT0/getUpdates "HTTP/1.1 200 OK"
2026-05-13 10:51:16,027 - httpx - INFO - HTTP Request: POST https://api.telegram.org/bot8833502523:AAE62skdOoe9ZvSEseYiHH9rxbbyPaK-iT0/answerCallbackQuery "HTTP/1.1 200 OK"
2026-05-13 10:51:16,270 - httpx - INFO - HTTP Request: POST https://api.telegram.org/bot8833502523:AAE62skdOoe9ZvSEseYiHH9rxbbyPaK-iT0/editMessageText "HTTP/1.1 200 OK"
2026-05-13 10:51:26,000 - httpx - INFO - HTTP Request: POST https://api.telegram.org/bot8833502523:AAE62skdOoe9ZvSEseYiHH9rxbbyPaK-iT0/getUpdates "HTTP/1.1 200 OK"
2026-05-13 10:51:36,165 - httpx - INFO - HTTP Request: POST https://api.telegram.org/bot8833502523:AAE62skdOoe9ZvSEseYiHH9rxbbyPaK-iT0/getUpdates "HTTP/1.1 200 OK"
2026-05-13 10:51:46,330 - httpx - INFO - HTTP Request: POST https://api.telegram.org/bot8833502523:AAE62skdOoe9ZvSEseYiHH9rxbbyPaK-iT0/getUpdates "HTTP/1.1 200 OK"
2026-05-13 10:51:56,495 - httpx - INFO - HTTP Request: POST https://api.telegram.org/bot8833502523:AAE62skdOoe9ZvSEseYiHH9rxbbyPaK-iT0/getUpdates "HTTP/1.1 200 OK"
2026-05-13 10:52:06,676 - httpx - INFO - HTTP Request: POST https://api.telegram.org/bot8833502523:AAE62skdOoe9ZvSEseYiHH9rxbbyPaK-iT0/getUpdates "HTTP/1.1 200 OK"
2026-05-13 10:52:16,841 - httpx - INFO - HTTP Request: POST https://api.telegram.org/bot8833502523:AAE62skdOoe9ZvSEseYiHH9rxbbyPaK-iT0/getUpdates "HTTP/1.1 200 OK"
2026-05-13 10:52:27,006 - httpx - INFO - HTTP Request: POST https://api.telegram.org/bot8833502523:AAE62skdOoe9ZvSEseYiHH9rxbbyPaK-iT0/getUpdates "HTTP/1.1 200 OK"
2026-05-13 10:52:37,169 - httpx - INFO - HTTP Request: POST https://api.telegram.org/bot8833502523:AAE62skdOoe9ZvSEseYiHH9rxbbyPaK-iT0/getUpdates "HTTP/1.1 200 OK"
2026-05-13 10:52:47,340 - httpx - INFO - HTTP Request: POST https://api.telegram.org/bot8833502523:AAE62skdOoe9ZvSEseYiHH9rxbbyPaK-iT0/getUpdates "HTTP/1.1 200 OK"
2026-05-13 10:52:57,507 - httpx - INFO - HTTP Request: POST https://api.telegram.org/bot8833502523:AAE62skdOoe9ZvSEseYiHH9rxbbyPaK-iT0/getUpdates "HTTP/1.1 200 OK"
2026-05-13 10:53:07,675 - httpx - INFO - HTTP Request: POST https://api.telegram.org/bot8833502523:AAE62skdOoe9ZvSEseYiHH9rxbbyPaK-iT0/getUpdates "HTTP/1.1 200 OK"
2026-05-13 10:53:17,839 - httpx - INFO - HTTP Request: POST https://api.telegram.org/bot8833502523:AAE62skdOoe9ZvSEseYiHH9rxbbyPaK-iT0/getUpdates "HTTP/1.1 200 OK"
2026-05-13 10:53:28,009 - httpx - INFO - HTTP Request: POST https://api.telegram.org/bot8833502523:AAE62skdOoe9ZvSEseYiHH9rxbbyPaK-iT0/getUpdates "HTTP/1.1 200 OK"
2026-05-13 10:53:38,180 - httpx - INFO - HTTP Request: POST https://api.telegram.org/bot8833502523:AAE62skdOoe9ZvSEseYiHH9rxbbyPaK-iT0/getUpdates "HTTP/1.1 200 OK"
2026-05-13 10:53:48,348 - httpx - INFO - HTTP Request: POST https://api.telegram.org/bot8833502523:AAE62skdOoe9ZvSEseYiHH9rxbbyPaK-iT0/getUpdates "HTTP/1.1 200 OK"
2026-05-13 10:53:58,515 - httpx - INFO - HTTP Request: POST https://api.telegram.org/bot8833502523:AAE62skdOoe9ZvSEseYiHH9rxbbyPaK-iT0/getUpdates "HTTP/1.1 200 OK"
2026-05-13 10:54:08,679 - httpx - INFO - HTTP Request: POST https://api.telegram.org/bot8833502523:AAE62skdOoe9ZvSEseYiHH9rxbbyPaK-iT0/getUpdates "HTTP/1.1 200 OK"
2026-05-13 10:54:18,845 - httpx - INFO - HTTP Request: POST https://api.telegram.org/bot8833502523:AAE62skdOoe9ZvSEseYiHH9rxbbyPaK-iT0/getUpdates "HTTP/1.1 200 OK"
2026-05-13 10:54:29,012 - httpx - INFO - HTTP Request: POST https://api.telegram.org/bot8833502523:AAE62skdOoe9ZvSEseYiHH9rxbbyPaK-iT0/getUpdates "HTTP/1.1 200 OK"
2026-05-13 10:54:39,177 - httpx - INFO - HTTP Request: POST https://api.telegram.org/bot8833502523:AAE62skdOoe9ZvSEseYiHH9rxbbyPaK-iT0/getUpdates "HTTP/1.1 200 OK"
2026-05-13 10:54:49,345 - httpx - INFO - HTTP Request: POST https://api.telegram.org/bot8833502523:AAE62skdOoe9ZvSEseYiHH9rxbbyPaK-iT0/getUpdates "HTTP/1.1 200 OK"
2026-05-13 10:54:59,510 - httpx - INFO - HTTP Request: POST https://api.telegram.org/bot8833502523:AAE62skdOoe9ZvSEseYiHH9rxbbyPaK-iT0/getUpdates "HTTP/1.1 200 OK"
2026-05-13 10:55:09,675 - httpx - INFO - HTTP Request: POST https://api.telegram.org/bot8833502523:AAE62skdOoe9ZvSEseYiHH9rxbbyPaK-iT0/getUpdates "HTTP/1.1 200 OK"
2026-05-13 10:55:19,843 - httpx - INFO - HTTP Request: POST https://api.telegram.org/bot8833502523:AAE62skdOoe9ZvSEseYiHH9rxbbyPaK-iT0/getUpdates "HTTP/1.1 200 OK"
2026-05-13 10:55:30,009 - httpx - INFO - HTTP Request: POST https://api.telegram.org/bot8833502523:AAE62skdOoe9ZvSEseYiHH9rxbbyPaK-iT0/getUpdates "HTTP/1.1 200 OK"
2026-05-13 10:55:40,177 - httpx - INFO - HTTP Request: POST https://api.telegram.org/bot8833502523:AAE62skdOoe9ZvSEseYiHH9rxbbyPaK-iT0/getUpdates "HTTP/1.1 200 OK"
2026-05-13 10:55:50,345 - httpx - INFO - HTTP Request: POST https://api.telegram.org/bot8833502523:AAE62skdOoe9ZvSEseYiHH9rxbbyPaK-iT0/getUpdates "HTTP/1.1 200 OK"
2026-05-13 10:56:00,517 - httpx - INFO - HTTP Request: POST https://api.telegram.org/bot8833502523:AAE62skdOoe9ZvSEseYiHH9rxbbyPaK-iT0/getUpdates "HTTP/1.1 200 OK"
2026-05-13 10:56:10,684 - httpx - INFO - HTTP Request: POST https://api.telegram.org/bot8833502523:AAE62skdOoe9ZvSEseYiHH9rxbbyPaK-iT0/getUpdates "HTTP/1.1 200 OK"
2026-05-13 10:56:21,176 - httpx - INFO - HTTP Request: POST https://api.telegram.org/bot8833502523:AAE62skdOoe9ZvSEseYiHH9rxbbyPaK-iT0/getUpdates "HTTP/1.1 200 OK"
2026-05-13 10:56:31,341 - httpx - INFO - HTTP Request: POST https://api.telegram.org/bot8833502523:AAE62skdOoe9ZvSEseYiHH9rxbbyPaK-iT0/getUpdates "HTTP/1.1 200 OK"
2026-05-13 10:56:41,504 - httpx - INFO - HTTP Request: POST https://api.telegram.org/bot8833502523:AAE62skdOoe9ZvSEseYiHH9rxbbyPaK-iT0/getUpdates "HTTP/1.1 200 OK"
2026-05-13 10:56:51,673 - httpx - INFO - HTTP Request: POST https://api.telegram.org/bot8833502523:AAE62skdOoe9ZvSEseYiHH9rxbbyPaK-iT0/getUpdates "HTTP/1.1 200 OK"
2026-05-13 10:56:56,690 - httpx - INFO - HTTP Request: POST https://api.telegram.org/bot8833502523:AAE62skdOoe9ZvSEseYiHH9rxbbyPaK-iT0/getUpdates "HTTP/1.1 200 OK"
2026-05-13 10:56:57,208 - httpx - INFO - HTTP Request: POST https://api.telegram.org/bot8833502523:AAE62skdOoe9ZvSEseYiHH9rxbbyPaK-iT0/sendMessage "HTTP/1.1 200 OK"
2026-05-13 10:56:58,570 - httpx - INFO - HTTP Request: POST https://api.telegram.org/bot8833502523:AAE62skdOoe9ZvSEseYiHH9rxbbyPaK-iT0/getUpdates "HTTP/1.1 200 OK"
2026-05-13 10:56:58,741 - httpx - INFO - HTTP Request: POST https://api.telegram.org/bot8833502523:AAE62skdOoe9ZvSEseYiHH9rxbbyPaK-iT0/answerCallbackQuery "HTTP/1.1 200 OK"
2026-05-13 10:56:58,933 - httpx - INFO - HTTP Request: POST https://api.telegram.org/bot8833502523:AAE62skdOoe9ZvSEseYiHH9rxbbyPaK-iT0/editMessageText "HTTP/1.1 200 OK"
2026-05-13 10:57:01,649 - httpx - INFO - HTTP Request: POST https://api.telegram.org/bot8833502523:AAE62skdOoe9ZvSEseYiHH9rxbbyPaK-iT0/getUpdates "HTTP/1.1 200 OK"
2026-05-13 10:57:01,845 - httpx - INFO - HTTP Request: POST https://api.telegram.org/bot8833502523:AAE62skdOoe9ZvSEseYiHH9rxbbyPaK-iT0/sendMessage "HTTP/1.1 200 OK"
2026-05-13 10:57:05,925 - httpx - INFO - HTTP Request: POST https://api.telegram.org/bot8833502523:AAE62skdOoe9ZvSEseYiHH9rxbbyPaK-iT0/getUpdates "HTTP/1.1 200 OK"
2026-05-13 10:57:06,172 - httpx - INFO - HTTP Request: POST https://api.telegram.org/bot8833502523:AAE62skdOoe9ZvSEseYiHH9rxbbyPaK-iT0/answerCallbackQuery "HTTP/1.1 200 OK"
2026-05-13 10:57:06,443 - httpx - INFO - HTTP Request: POST https://api.telegram.org/bot8833502523:AAE62skdOoe9ZvSEseYiHH9rxbbyPaK-iT0/editMessageText "HTTP/1.1 200 OK"
2026-05-13 10:57:16,097 - httpx - INFO - HTTP Request: POST https://api.telegram.org/bot8833502523:AAE62skdOoe9ZvSEseYiHH9rxbbyPaK-iT0/getUpdates "HTTP/1.1 200 OK"
2026-05-13 10:57:26,263 - httpx - INFO - HTTP Request: POST https://api.telegram.org/bot8833502523:AAE62skdOoe9ZvSEseYiHH9rxbbyPaK-iT0/getUpdates "HTTP/1.1 200 OK"
2026-05-13 10:57:36,429 - httpx - INFO - HTTP Request: POST https://api.telegram.org/bot8833502523:AAE62skdOoe9ZvSEseYiHH9rxbbyPaK-iT0/getUpdates "HTTP/1.1 200 OK"
2026-05-13 10:57:46,594 - httpx - INFO - HTTP Request: POST https://api.telegram.org/bot8833502523:AAE62skdOoe9ZvSEseYiHH9rxbbyPaK-iT0/getUpdates "HTTP/1.1 200 OK"
2026-05-13 10:57:56,760 - httpx - INFO - HTTP Request: POST https://api.telegram.org/bot8833502523:AAE62skdOoe9ZvSEseYiHH9rxbbyPaK-iT0/getUpdates "HTTP/1.1 200 OK"
2026-05-13 10:58:06,932 - httpx - INFO - HTTP Request: POST https://api.telegram.org/bot8833502523:AAE62skdOoe9ZvSEseYiHH9rxbbyPaK-iT0/getUpdates "HTTP/1.1 200 OK"
2026-05-13 10:58:17,096 - httpx - INFO - HTTP Request: POST https://api.telegram.org/bot8833502523:AAE62skdOoe9ZvSEseYiHH9rxbbyPaK-iT0/getUpdates "HTTP/1.1 200 OK"
2026-05-13 10:58:27,259 - httpx - INFO - HTTP Request: POST https://api.telegram.org/bot8833502523:AAE62skdOoe9ZvSEseYiHH9rxbbyPaK-iT0/getUpdates "HTTP/1.1 200 OK"
2026-05-13 10:58:37,429 - httpx - INFO - HTTP Request: POST https://api.telegram.org/bot8833502523:AAE62skdOoe9ZvSEseYiHH9rxbbyPaK-iT0/getUpdates "HTTP/1.1 200 OK"
2026-05-13 10:58:47,668 - httpx - INFO - HTTP Request: POST https://api.telegram.org/bot8833502523:AAE62skdOoe9ZvSEseYiHH9rxbbyPaK-iT0/getUpdates "HTTP/1.1 200 OK"
2026-05-13 10:58:57,832 - httpx - INFO - HTTP Request: POST https://api.telegram.org/bot8833502523:AAE62skdOoe9ZvSEseYiHH9rxbbyPaK-iT0/getUpdates "HTTP/1.1 200 OK"
2026-05-13 10:59:07,997 - httpx - INFO - HTTP Request: POST https://api.telegram.org/bot8833502523:AAE62skdOoe9ZvSEseYiHH9rxbbyPaK-iT0/getUpdates "HTTP/1.1 200 OK"
2026-05-13 10:59:18,162 - httpx - INFO - HTTP Request: POST https://api.telegram.org/bot8833502523:AAE62skdOoe9ZvSEseYiHH9rxbbyPaK-iT0/getUpdates "HTTP/1.1 200 OK"
2026-05-13 10:59:28,333 - httpx - INFO - HTTP Request: POST https://api.telegram.org/bot8833502523:AAE62skdOoe9ZvSEseYiHH9rxbbyPaK-iT0/getUpdates "HTTP/1.1 200 OK"
2026-05-13 10:59:38,497 - httpx - INFO - HTTP Request: POST https://api.telegram.org/bot8833502523:AAE62skdOoe9ZvSEseYiHH9rxbbyPaK-iT0/getUpdates "HTTP/1.1 200 OK"
2026-05-13 10:59:48,663 - httpx - INFO - HTTP Request: POST https://api.telegram.org/bot8833502523:AAE62skdOoe9ZvSEseYiHH9rxbbyPaK-iT0/getUpdates "HTTP/1.1 200 OK"
2026-05-13 10:59:58,830 - httpx - INFO - HTTP Request: POST https://api.telegram.org/bot8833502523:AAE62skdOoe9ZvSEseYiHH9rxbbyPaK-iT0/getUpdates "HTTP/1.1 200 OK"
2026-05-13 11:00:08,993 - httpx - INFO - HTTP Request: POST https://api.telegram.org/bot8833502523:AAE62skdOoe9ZvSEseYiHH9rxbbyPaK-iT0/getUpdates "HTTP/1.1 200 OK"
2026-05-13 11:00:19,162 - httpx - INFO - HTTP Request: POST https://api.telegram.org/bot8833502523:AAE62skdOoe9ZvSEseYiHH9rxbbyPaK-iT0/getUpdates "HTTP/1.1 200 OK"
2026-05-13 11:00:29,329 - httpx - INFO - HTTP Request: POST https://api.telegram.org/bot8833502523:AAE62skdOoe9ZvSEseYiHH9rxbbyPaK-iT0/getUpdates "HTTP/1.1 200 OK"
2026-05-13 11:00:39,498 - httpx - INFO - HTTP Request: POST https://api.telegram.org/bot8833502523:AAE62skdOoe9ZvSEseYiHH9rxbbyPaK-iT0/getUpdates "HTTP/1.1 200 OK"
2026-05-13 11:00:49,668 - httpx - INFO - HTTP Request: POST https://api.telegram.org/bot8833502523:AAE62skdOoe9ZvSEseYiHH9rxbbyPaK-iT0/getUpdates "HTTP/1.1 200 OK"
2026-05-13 11:00:59,832 - httpx - INFO - HTTP Request: POST https://api.telegram.org/bot8833502523:AAE62skdOoe9ZvSEseYiHH9rxbbyPaK-iT0/getUpdates "HTTP/1.1 200 OK"
2026-05-13 11:01:10,002 - httpx - INFO - HTTP Request: POST https://api.telegram.org/bot8833502523:AAE62skdOoe9ZvSEseYiHH9rxbbyPaK-iT0/getUpdates "HTTP/1.1 200 OK"
2026-05-13 11:01:20,168 - httpx - INFO - HTTP Request: POST https://api.telegram.org/bot8833502523:AAE62skdOoe9ZvSEseYiHH9rxbbyPaK-iT0/getUpdates "HTTP/1.1 200 OK"
2026-05-13 11:01:30,331 - httpx - INFO - HTTP Request: POST https://api.telegram.org/bot8833502523:AAE62skdOoe9ZvSEseYiHH9rxbbyPaK-iT0/getUpdates "HTTP/1.1 200 OK"
2026-05-13 11:01:40,495 - httpx - INFO - HTTP Request: POST https://api.telegram.org/bot8833502523:AAE62skdOoe9ZvSEseYiHH9rxbbyPaK-iT0/getUpdates "HTTP/1.1 200 OK"
2026-05-13 11:01:50,659 - httpx - INFO - HTTP Request: POST https://api.telegram.org/bot8833502523:AAE62skdOoe9ZvSEseYiHH9rxbbyPaK-iT0/getUpdates "HTTP/1.1 200 OK"
2026-05-13 11:02:00,823 - httpx - INFO - HTTP Request: POST https://api.telegram.org/bot8833502523:AAE62skdOoe9ZvSEseYiHH9rxbbyPaK-iT0/getUpdates "HTTP/1.1 200 OK"
2026-05-13 11:02:10,990 - httpx - INFO - HTTP Request: POST https://api.telegram.org/bot8833502523:AAE62skdOoe9ZvSEseYiHH9rxbbyPaK-iT0/getUpdates "HTTP/1.1 200 OK"
2026-05-13 11:02:21,155 - httpx - INFO - HTTP Request: POST https://api.telegram.org/bot8833502523:AAE62skdOoe9ZvSEseYiHH9rxbbyPaK-iT0/getUpdates "HTTP/1.1 200 OK"
2026-05-13 11:02:31,320 - httpx - INFO - HTTP Request: POST https://api.telegram.org/bot8833502523:AAE62skdOoe9ZvSEseYiHH9rxbbyPaK-iT0/getUpdates "HTTP/1.1 200 OK"
2026-05-13 11:02:41,485 - httpx - INFO - HTTP Request: POST https://api.telegram.org/bot8833502523:AAE62skdOoe9ZvSEseYiHH9rxbbyPaK-iT0/getUpdates "HTTP/1.1 200 OK"
2026-05-13 11:02:51,648 - httpx - INFO - HTTP Request: POST https://api.telegram.org/bot8833502523:AAE62skdOoe9ZvSEseYiHH9rxbbyPaK-iT0/getUpdates "HTTP/1.1 200 OK"
2026-05-13 11:03:01,813 - httpx - INFO - HTTP Request: POST https://api.telegram.org/bot8833502523:AAE62skdOoe9ZvSEseYiHH9rxbbyPaK-iT0/getUpdates "HTTP/1.1 200 OK"
2026-05-13 11:03:11,978 - httpx - INFO - HTTP Request: POST https://api.telegram.org/bot8833502523:AAE62skdOoe9ZvSEseYiHH9rxbbyPaK-iT0/getUpdates "HTTP/1.1 200 OK"
2026-05-13 11:03:22,141 - httpx - INFO - HTTP Request: POST https://api.telegram.org/bot8833502523:AAE62skdOoe9ZvSEseYiHH9rxbbyPaK-iT0/getUpdates "HTTP/1.1 200 OK"
2026-05-13 11:03:32,308 - httpx - INFO - HTTP Request: POST https://api.telegram.org/bot8833502523:AAE62skdOoe9ZvSEseYiHH9rxbbyPaK-iT0/getUpdates "HTTP/1.1 200 OK"
2026-05-13 11:03:42,471 - httpx - INFO - HTTP Request: POST https://api.telegram.org/bot8833502523:AAE62skdOoe9ZvSEseYiHH9rxbbyPaK-iT0/getUpdates "HTTP/1.1 200 OK"
2026-05-13 11:03:52,636 - httpx - INFO - HTTP Request: POST https://api.telegram.org/bot8833502523:AAE62skdOoe9ZvSEseYiHH9rxbbyPaK-iT0/getUpdates "HTTP/1.1 200 OK"
2026-05-13 11:04:02,806 - httpx - INFO - HTTP Request: POST https://api.telegram.org/bot8833502523:AAE62skdOoe9ZvSEseYiHH9rxbbyPaK-iT0/getUpdates "HTTP/1.1 200 OK"
2026-05-13 11:04:12,971 - httpx - INFO - HTTP Request: POST https://api.telegram.org/bot8833502523:AAE62skdOoe9ZvSEseYiHH9rxbbyPaK-iT0/getUpdates "HTTP/1.1 200 OK"
2026-05-13 11:04:23,138 - httpx - INFO - HTTP Request: POST https://api.telegram.org/bot8833502523:AAE62skdOoe9ZvSEseYiHH9rxbbyPaK-iT0/getUpdates "HTTP/1.1 200 OK"
2026-05-13 11:04:33,302 - httpx - INFO - HTTP Request: POST https://api.telegram.org/bot8833502523:AAE62skdOoe9ZvSEseYiHH9rxbbyPaK-iT0/getUpdates "HTTP/1.1 200 OK"
2026-05-13 11:04:43,473 - httpx - INFO - HTTP Request: POST https://api.telegram.org/bot8833502523:AAE62skdOoe9ZvSEseYiHH9rxbbyPaK-iT0/getUpdates "HTTP/1.1 200 OK"
2026-05-13 11:04:53,641 - httpx - INFO - HTTP Request: POST https://api.telegram.org/bot8833502523:AAE62skdOoe9ZvSEseYiHH9rxbbyPaK-iT0/getUpdates "HTTP/1.1 200 OK"
2026-05-13 11:05:03,806 - httpx - INFO - HTTP Request: POST https://api.telegram.org/bot8833502523:AAE62skdOoe9ZvSEseYiHH9rxbbyPaK-iT0/getUpdates "HTTP/1.1 200 OK"
2026-05-13 11:05:13,971 - httpx - INFO - HTTP Request: POST https://api.telegram.org/bot8833502523:AAE62skdOoe9ZvSEseYiHH9rxbbyPaK-iT0/getUpdates "HTTP/1.1 200 OK"
2026-05-13 11:05:24,142 - httpx - INFO - HTTP Request: POST https://api.telegram.org/bot8833502523:AAE62skdOoe9ZvSEseYiHH9rxbbyPaK-iT0/getUpdates "HTTP/1.1 200 OK"
2026-05-13 11:05:34,308 - httpx - INFO - HTTP Request: POST https://api.telegram.org/bot8833502523:AAE62skdOoe9ZvSEseYiHH9rxbbyPaK-iT0/getUpdates "HTTP/1.1 200 OK"
2026-05-13 11:05:44,473 - httpx - INFO - HTTP Request: POST https://api.telegram.org/bot8833502523:AAE62skdOoe9ZvSEseYiHH9rxbbyPaK-iT0/getUpdates "HTTP/1.1 200 OK"
2026-05-13 11:05:54,641 - httpx - INFO - HTTP Request: POST https://api.telegram.org/bot8833502523:AAE62skdOoe9ZvSEseYiHH9rxbbyPaK-iT0/getUpdates "HTTP/1.1 200 OK"
2026-05-13 11:06:04,806 - httpx - INFO - HTTP Request: POST https://api.telegram.org/bot8833502523:AAE62skdOoe9ZvSEseYiHH9rxbbyPaK-iT0/getUpdates "HTTP/1.1 200 OK"
2026-05-13 11:06:14,973 - httpx - INFO - HTTP Request: POST https://api.telegram.org/bot8833502523:AAE62skdOoe9ZvSEseYiHH9rxbbyPaK-iT0/getUpdates "HTTP/1.1 200 OK"